{
  "RSpec": {
    "coverage": {
      "/Users/athifwulandana-mac/Documents/repos/task_scheduler/spec/features/edit_tasks_spec.rb": [
        1,
        null,
        1,
        1,
        4,
        4,
        4,
        null,
        1,
        3,
        3,
        3,
        3,
        3,
        3,
        null,
        null,
        1,
        1,
        1,
        1,
        1,
        1,
        null,
        null,
        null,
        1,
        1,
        1,
        1,
        1,
        null,
        null,
        null,
        null,
        1,
        1,
        1,
        1,
        null,
        null,
        null,
        null
      ],
      "/Users/athifwulandana-mac/Documents/repos/task_scheduler/spec/rails_helper.rb": [
        null,
        1,
        1,
        null,
        1,
        1,
        1,
        1,
        1,
        null,
        null,
        null,
        null,
        null,
        null,
        null,
        null,
        null,
        null,
        null,
        null,
        null,
        null,
        null,
        null,
        null,
        null,
        null,
        null,
        null,
        1,
        null,
        1,
        null,
        1,
        1,
        null,
        null,
        null,
        null,
        1,
        1,
        null,
        null,
        null,
        null,
        null,
        null,
        null,
        null,
        null,
        null,
        null,
        null,
        null,
        1,
        null
      ],
      "/Users/athifwulandana-mac/Documents/repos/task_scheduler/config/environment.rb": [
        null,
        1,
        null,
        null,
        1
      ],
      "/Users/athifwulandana-mac/Documents/repos/task_scheduler/config/application.rb": [
        1,
        null,
        1,
        null,
        null,
        null,
        1,
        null,
        1,
        1,
        null,
        null,
        null,
        null,
        null,
        null,
        null,
        null,
        null,
        null,
        null,
        null,
        null,
        1,
        null,
        null
      ],
      "/Users/athifwulandana-mac/Documents/repos/task_scheduler/config/boot.rb": [
        1,
        null,
        1
      ],
      "/Users/athifwulandana-mac/Documents/repos/task_scheduler/config/environments/test.rb": [
        1,
        null,
        null,
        null,
        null,
        null,
        null,
        1,
        null,
        null,
        null,
        null,
        1,
        null,
        null,
        1,
        1,
        null,
        null,
        1,
        1,
        null,
        null,
        1,
        null,
        null,
        1,
        null,
        null,
        null,
        null,
        1,
        null,
        null,
        1,
        null,
        null,
        1,
        null,
        null,
        null,
        null
      ],
      "/Users/athifwulandana-mac/Documents/repos/task_scheduler/config/initializers/assets.rb": [
        null,
        null,
        null,
        1,
        null,
        null,
        null,
        null,
        null,
        null,
        null
      ],
      "/Users/athifwulandana-mac/Documents/repos/task_scheduler/config/initializers/backtrace_silencers.rb": [
        null,
        null,
        null,
        null,
        null,
        null,
        null
      ],
      "/Users/athifwulandana-mac/Documents/repos/task_scheduler/config/initializers/cookies_serializer.rb": [
        null,
        null,
        1
      ],
      "/Users/athifwulandana-mac/Documents/repos/task_scheduler/config/initializers/devise.rb": [
        null,
        null,
        1,
        null,
        null,
        null,
        null,
        null,
        null,
        null,
        null,
        null,
        null,
        null,
        1,
        null,
        null,
        null,
        null,
        null,
        null,
        null,
        null,
        1,
        null,
        null,
        null,
        null,
        null,
        null,
        null,
        null,
        null,
        null,
        null,
        null,
        null,
        null,
        null,
        null,
        null,
        null,
        null,
        null,
        null,
        1,
        null,
        null,
        null,
        null,
        1,
        null,
        null,
        null,
        null,
        null,
        null,
        null,
        null,
        null,
        null,
        null,
        null,
        null,
        null,
        null,
        null,
        null,
        null,
        null,
        null,
        null,
        null,
        null,
        null,
        null,
        null,
        null,
        null,
        null,
        null,
        1,
        null,
        null,
        null,
        null,
        null,
        null,
        null,
        null,
        null,
        null,
        null,
        null,
        null,
        null,
        null,
        null,
        1,
        null,
        null,
        null,
        null,
        null,
        null,
        null,
        null,
        null,
        null,
        null,
        null,
        null,
        null,
        null,
        null,
        null,
        null,
        null,
        null,
        null,
        null,
        null,
        null,
        1,
        null,
        null,
        null,
        null,
        null,
        null,
        null,
        null,
        null,
        1,
        null,
        null,
        null,
        null,
        null,
        null,
        null,
        null,
        null,
        null,
        1,
        null,
        null,
        null,
        null,
        null,
        null,
        null,
        null,
        null,
        null,
        null,
        null,
        null,
        null,
        null,
        null,
        null,
        null,
        null,
        null,
        null,
        null,
        null,
        null,
        null,
        null,
        null,
        null,
        null,
        null,
        null,
        null,
        null,
        null,
        null,
        null,
        null,
        null,
        null,
        null,
        null,
        null,
        null,
        null,
        null,
        1,
        null,
        null,
        null,
        null,
        null,
        null,
        null,
        null,
        null,
        null,
        null,
        null,
        null,
        null,
        null,
        null,
        null,
        null,
        null,
        null,
        null,
        null,
        null,
        null,
        null,
        null,
        null,
        null,
        null,
        null,
        null,
        null,
        null,
        null,
        null,
        null,
        null,
        null,
        null,
        null,
        null,
        1,
        null,
        null,
        null,
        null,
        null,
        null,
        null,
        null,
        null,
        null,
        null,
        null,
        null,
        null,
        null,
        null,
        null,
        null,
        null,
        null,
        null,
        null,
        null,
        null,
        null,
        null,
        null,
        null,
        null
      ],
      "/Users/athifwulandana-mac/Documents/repos/task_scheduler/config/initializers/filter_parameter_logging.rb": [
        null,
        null,
        null,
        1
      ],
      "/Users/athifwulandana-mac/Documents/repos/task_scheduler/config/initializers/inflections.rb": [
        null,
        null,
        null,
        null,
        null,
        null,
        null,
        null,
        null,
        null,
        null,
        null,
        null,
        null,
        null,
        null
      ],
      "/Users/athifwulandana-mac/Documents/repos/task_scheduler/config/initializers/mime_types.rb": [
        null,
        null,
        null,
        null
      ],
      "/Users/athifwulandana-mac/Documents/repos/task_scheduler/config/initializers/session_store.rb": [
        null,
        null,
        1
      ],
      "/Users/athifwulandana-mac/Documents/repos/task_scheduler/config/initializers/wrap_parameters.rb": [
        null,
        null,
        null,
        null,
        null,
        null,
        1,
        1,
        null,
        null,
        null,
        null,
        null,
        null
      ],
      "/Users/athifwulandana-mac/Documents/repos/task_scheduler/spec/factories/rooms.rb": [
        1,
        1,
        6,
        null,
        null
      ],
      "/Users/athifwulandana-mac/Documents/repos/task_scheduler/spec/factories/tasks.rb": [
        1,
        1,
        1,
        1,
        1,
        null,
        null,
        null
      ],
      "/Users/athifwulandana-mac/Documents/repos/task_scheduler/spec/factories/users.rb": [
        1,
        1,
        1,
        1,
        1,
        null,
        null
      ],
      "/Users/athifwulandana-mac/Documents/repos/task_scheduler/config/routes.rb": [
        1,
        1,
        1,
        1,
        1,
        null,
        null,
        null
      ],
      "/Users/athifwulandana-mac/Documents/repos/task_scheduler/app/models/user.rb": [
        1,
        null,
        null,
        1,
        null,
        null,
        1,
        null,
        1,
        19,
        null,
        null
      ],
      "/Users/athifwulandana-mac/Documents/repos/task_scheduler/spec/features/new_rooms_spec.rb": [
        1,
        null,
        1,
        null,
        1,
        3,
        null,
        1,
        2,
        2,
        2,
        2,
        null,
        null,
        1,
        1,
        1,
        1,
        1,
        1,
        1,
        null,
        null,
        null,
        1,
        1,
        1,
        1,
        1,
        null,
        null,
        null,
        null,
        null
      ],
      "/Users/athifwulandana-mac/Documents/repos/task_scheduler/spec/features/new_tasks_spec.rb": [
        1,
        null,
        1,
        null,
        1,
        3,
        3,
        null,
        1,
        2,
        2,
        2,
        2,
        2,
        2,
        null,
        null,
        1,
        1,
        1,
        1,
        1,
        1,
        1,
        null,
        null,
        null,
        1,
        1,
        1,
        1,
        null,
        null,
        null,
        null,
        null
      ],
      "/Users/athifwulandana-mac/Documents/repos/task_scheduler/spec/models/room_spec.rb": [
        1,
        null,
        1,
        2,
        2,
        null
      ],
      "/Users/athifwulandana-mac/Documents/repos/task_scheduler/app/models/room.rb": [
        1,
        1,
        1,
        null,
        1,
        null
      ],
      "/Users/athifwulandana-mac/Documents/repos/task_scheduler/spec/models/task_spec.rb": [
        1,
        null,
        1,
        2,
        2,
        null
      ],
      "/Users/athifwulandana-mac/Documents/repos/task_scheduler/app/models/task.rb": [
        1,
        1,
        null,
        1,
        null
      ],
      "/Users/athifwulandana-mac/Documents/repos/task_scheduler/app/controllers/application_controller.rb": [
        1,
        null,
        null,
        1,
        null,
        1,
        23,
        null,
        1,
        null,
        1,
        23,
        0,
        0,
        null,
        null,
        null
      ],
      "/Users/athifwulandana-mac/Documents/repos/task_scheduler/app/controllers/home_controller.rb": [
        1,
        null,
        1,
        null,
        null,
        null
      ],
      "/Users/athifwulandana-mac/Documents/repos/task_scheduler/app/controllers/rooms_controller.rb": [
        1,
        1,
        1,
        null,
        1,
        null,
        null,
        1,
        2,
        null,
        null,
        1,
        9,
        null,
        null,
        1,
        2,
        2,
        1,
        null,
        1,
        null,
        null,
        null,
        1,
        1,
        2,
        null,
        null,
        1,
        9,
        0,
        0,
        null,
        null,
        null
      ],
      "/Users/athifwulandana-mac/Documents/repos/task_scheduler/app/controllers/tasks_controller.rb": [
        1,
        1,
        1,
        null,
        1,
        2,
        null,
        null,
        1,
        2,
        2,
        1,
        null,
        1,
        null,
        null,
        null,
        1,
        3,
        null,
        null,
        1,
        2,
        2,
        1,
        null,
        1,
        null,
        null,
        null,
        1,
        1,
        1,
        null,
        null,
        1,
        1,
        4,
        null,
        null,
        1,
        24,
        null,
        1,
        null,
        1,
        10,
        0,
        0,
        null,
        null,
        null,
        null
      ]
    },
    "timestamp": 1440185440
  }
}
